2022-05-09 11:30:58,907 - LibGlobalServe.py - INFO - Error : StoreTeamsTrophy6468
2022-05-09 11:31:04,301 - LibGlobalServe.py - INFO - Error : StoreTeamsTrophy10122
2022-05-09 11:31:04,301 - LibGlobalServe.py - INFO - Error : StoreTeamsTrophy10122
2022-05-09 11:31:04,301 - LibGlobalServe.py - INFO - Error : StoreTeamsTrophy10122
2022-05-09 11:31:04,301 - LibGlobalServe.py - INFO - Error : StoreTeamsTrophy10122
2022-05-09 11:31:07,881 - LibGlobalServe.py - INFO - Error : StoreTeamsTrophy10476
2022-05-09 11:31:07,881 - LibGlobalServe.py - INFO - Error : StoreTeamsTrophy10476
2022-05-09 11:31:07,881 - LibGlobalServe.py - INFO - Error : StoreTeamsTrophy10476
2022-05-09 11:31:07,881 - LibGlobalServe.py - INFO - Error : StoreTeamsTrophy10476
2022-05-09 11:31:07,881 - LibGlobalServe.py - INFO - Error : StoreTeamsTrophy10476
2022-05-09 11:31:07,881 - LibGlobalServe.py - INFO - Error : StoreTeamsTrophy10476
2022-05-09 11:31:07,881 - LibGlobalServe.py - INFO - Error : StoreTeamsTrophy10476
2022-05-09 11:31:11,411 - LibGlobalServe.py - INFO - Error : StoreSideline13466
2022-05-09 11:31:11,411 - LibGlobalServe.py - INFO - Error : StoreSideline13466
2022-05-09 11:31:11,411 - LibGlobalServe.py - INFO - Error : StoreSideline13466
2022-05-09 11:31:11,411 - LibGlobalServe.py - INFO - Error : StoreSideline13466
2022-05-09 11:31:11,411 - LibGlobalServe.py - INFO - Error : StoreSideline13466
2022-05-09 11:31:11,411 - LibGlobalServe.py - INFO - Error : StoreSideline13466
2022-05-09 11:31:11,411 - LibGlobalServe.py - INFO - Error : StoreSideline13466
2022-05-09 11:31:11,411 - LibGlobalServe.py - INFO - Error : StoreSideline13466
2022-05-09 11:31:11,411 - LibGlobalServe.py - INFO - Error : StoreSideline13466
2022-05-09 11:31:11,715 - LibGlobalServe.py - INFO - Error : StoreTeamsTrophy13466
2022-05-09 11:31:11,715 - LibGlobalServe.py - INFO - Error : StoreTeamsTrophy13466
2022-05-09 11:31:11,715 - LibGlobalServe.py - INFO - Error : StoreTeamsTrophy13466
2022-05-09 11:31:11,715 - LibGlobalServe.py - INFO - Error : StoreTeamsTrophy13466
2022-05-09 11:31:11,715 - LibGlobalServe.py - INFO - Error : StoreTeamsTrophy13466
2022-05-09 11:31:11,715 - LibGlobalServe.py - INFO - Error : StoreTeamsTrophy13466
2022-05-09 11:31:11,715 - LibGlobalServe.py - INFO - Error : StoreTeamsTrophy13466
2022-05-09 11:31:11,715 - LibGlobalServe.py - INFO - Error : StoreTeamsTrophy13466
2022-05-09 11:31:11,715 - LibGlobalServe.py - INFO - Error : StoreTeamsTrophy13466
2022-05-09 11:31:11,715 - LibGlobalServe.py - INFO - Error : StoreTeamsTrophy13466
2022-05-09 11:31:14,934 - LibGlobalServe.py - INFO - Error : StoreTeamsTrophy14448
2022-05-09 11:31:14,934 - LibGlobalServe.py - INFO - Error : StoreTeamsTrophy14448
2022-05-09 11:31:14,934 - LibGlobalServe.py - INFO - Error : StoreTeamsTrophy14448
2022-05-09 11:31:14,934 - LibGlobalServe.py - INFO - Error : StoreTeamsTrophy14448
2022-05-09 11:31:14,934 - LibGlobalServe.py - INFO - Error : StoreTeamsTrophy14448
2022-05-09 11:31:14,934 - LibGlobalServe.py - INFO - Error : StoreTeamsTrophy14448
2022-05-09 11:31:14,934 - LibGlobalServe.py - INFO - Error : StoreTeamsTrophy14448
2022-05-09 11:31:14,934 - LibGlobalServe.py - INFO - Error : StoreTeamsTrophy14448
2022-05-09 11:31:14,934 - LibGlobalServe.py - INFO - Error : StoreTeamsTrophy14448
2022-05-09 11:31:14,934 - LibGlobalServe.py - INFO - Error : StoreTeamsTrophy14448
2022-05-09 11:31:14,934 - LibGlobalServe.py - INFO - Error : StoreTeamsTrophy14448
2022-05-09 11:31:14,934 - LibGlobalServe.py - INFO - Error : StoreTeamsTrophy14448
2022-05-09 11:31:19,437 - LibGlobalServe.py - INFO - Error : StoreTeamsTrophy16007
2022-05-09 11:31:19,437 - LibGlobalServe.py - INFO - Error : StoreTeamsTrophy16007
2022-05-09 11:31:19,437 - LibGlobalServe.py - INFO - Error : StoreTeamsTrophy16007
2022-05-09 11:31:19,437 - LibGlobalServe.py - INFO - Error : StoreTeamsTrophy16007
2022-05-09 11:31:19,437 - LibGlobalServe.py - INFO - Error : StoreTeamsTrophy16007
2022-05-09 11:31:19,437 - LibGlobalServe.py - INFO - Error : StoreTeamsTrophy16007
2022-05-09 11:31:19,437 - LibGlobalServe.py - INFO - Error : StoreTeamsTrophy16007
2022-05-09 11:31:19,437 - LibGlobalServe.py - INFO - Error : StoreTeamsTrophy16007
2022-05-09 11:31:19,437 - LibGlobalServe.py - INFO - Error : StoreTeamsTrophy16007
2022-05-09 11:31:19,437 - LibGlobalServe.py - INFO - Error : StoreTeamsTrophy16007
2022-05-09 11:31:19,437 - LibGlobalServe.py - INFO - Error : StoreTeamsTrophy16007
2022-05-09 11:31:19,437 - LibGlobalServe.py - INFO - Error : StoreTeamsTrophy16007
2022-05-09 11:31:19,437 - LibGlobalServe.py - INFO - Error : StoreTeamsTrophy16007
2022-05-09 11:31:19,437 - LibGlobalServe.py - INFO - Error : StoreTeamsTrophy16007
2022-05-09 11:31:19,437 - LibGlobalServe.py - INFO - Error : StoreTeamsTrophy16007
2022-05-09 11:31:27,093 - LibGlobalServe.py - INFO - Error : StoreTeamsTrophy17035
2022-05-09 11:31:27,093 - LibGlobalServe.py - INFO - Error : StoreTeamsTrophy17035
2022-05-09 11:31:27,093 - LibGlobalServe.py - INFO - Error : StoreTeamsTrophy17035
2022-05-09 11:31:27,093 - LibGlobalServe.py - INFO - Error : StoreTeamsTrophy17035
2022-05-09 11:31:27,093 - LibGlobalServe.py - INFO - Error : StoreTeamsTrophy17035
2022-05-09 11:31:27,093 - LibGlobalServe.py - INFO - Error : StoreTeamsTrophy17035
2022-05-09 11:31:27,093 - LibGlobalServe.py - INFO - Error : StoreTeamsTrophy17035
2022-05-09 11:31:27,093 - LibGlobalServe.py - INFO - Error : StoreTeamsTrophy17035
2022-05-09 11:31:27,093 - LibGlobalServe.py - INFO - Error : StoreTeamsTrophy17035
2022-05-09 11:31:27,093 - LibGlobalServe.py - INFO - Error : StoreTeamsTrophy17035
2022-05-09 11:31:27,093 - LibGlobalServe.py - INFO - Error : StoreTeamsTrophy17035
2022-05-09 11:31:27,093 - LibGlobalServe.py - INFO - Error : StoreTeamsTrophy17035
2022-05-09 11:31:27,093 - LibGlobalServe.py - INFO - Error : StoreTeamsTrophy17035
2022-05-09 11:31:27,093 - LibGlobalServe.py - INFO - Error : StoreTeamsTrophy17035
2022-05-09 11:31:27,093 - LibGlobalServe.py - INFO - Error : StoreTeamsTrophy17035
2022-05-09 11:31:27,093 - LibGlobalServe.py - INFO - Error : StoreTeamsTrophy17035
2022-05-09 11:31:27,093 - LibGlobalServe.py - INFO - Error : StoreTeamsTrophy17035
2022-05-09 11:31:29,554 - LibGlobalServe.py - INFO - Error : StoreTeamsTrophy17002
2022-05-09 11:31:29,554 - LibGlobalServe.py - INFO - Error : StoreTeamsTrophy17002
2022-05-09 11:31:29,554 - LibGlobalServe.py - INFO - Error : StoreTeamsTrophy17002
2022-05-09 11:31:29,554 - LibGlobalServe.py - INFO - Error : StoreTeamsTrophy17002
2022-05-09 11:31:29,554 - LibGlobalServe.py - INFO - Error : StoreTeamsTrophy17002
2022-05-09 11:31:29,554 - LibGlobalServe.py - INFO - Error : StoreTeamsTrophy17002
2022-05-09 11:31:29,554 - LibGlobalServe.py - INFO - Error : StoreTeamsTrophy17002
2022-05-09 11:31:29,554 - LibGlobalServe.py - INFO - Error : StoreTeamsTrophy17002
2022-05-09 11:31:29,554 - LibGlobalServe.py - INFO - Error : StoreTeamsTrophy17002
2022-05-09 11:31:29,554 - LibGlobalServe.py - INFO - Error : StoreTeamsTrophy17002
2022-05-09 11:31:29,554 - LibGlobalServe.py - INFO - Error : StoreTeamsTrophy17002
2022-05-09 11:31:29,554 - LibGlobalServe.py - INFO - Error : StoreTeamsTrophy17002
2022-05-09 11:31:29,554 - LibGlobalServe.py - INFO - Error : StoreTeamsTrophy17002
2022-05-09 11:31:29,554 - LibGlobalServe.py - INFO - Error : StoreTeamsTrophy17002
2022-05-09 11:31:29,554 - LibGlobalServe.py - INFO - Error : StoreTeamsTrophy17002
2022-05-09 11:31:29,554 - LibGlobalServe.py - INFO - Error : StoreTeamsTrophy17002
2022-05-09 11:31:29,554 - LibGlobalServe.py - INFO - Error : StoreTeamsTrophy17002
2022-05-09 11:31:29,554 - LibGlobalServe.py - INFO - Error : StoreTeamsTrophy17002
2022-05-09 11:31:29,554 - LibGlobalServe.py - INFO - Error : StoreTeamsTrophy17002
2022-05-09 11:31:39,904 - LibGlobalServe.py - INFO - Error : StoreTeamsTrophy9240
2022-05-09 11:31:39,904 - LibGlobalServe.py - INFO - Error : StoreTeamsTrophy9240
2022-05-09 11:31:39,904 - LibGlobalServe.py - INFO - Error : StoreTeamsTrophy9240
2022-05-09 11:31:39,904 - LibGlobalServe.py - INFO - Error : StoreTeamsTrophy9240
2022-05-09 11:31:39,904 - LibGlobalServe.py - INFO - Error : StoreTeamsTrophy9240
2022-05-09 11:31:39,904 - LibGlobalServe.py - INFO - Error : StoreTeamsTrophy9240
2022-05-09 11:31:39,904 - LibGlobalServe.py - INFO - Error : StoreTeamsTrophy9240
2022-05-09 11:31:39,904 - LibGlobalServe.py - INFO - Error : StoreTeamsTrophy9240
2022-05-09 11:31:39,904 - LibGlobalServe.py - INFO - Error : StoreTeamsTrophy9240
2022-05-09 11:31:39,904 - LibGlobalServe.py - INFO - Error : StoreTeamsTrophy9240
2022-05-09 11:31:39,904 - LibGlobalServe.py - INFO - Error : StoreTeamsTrophy9240
2022-05-09 11:31:39,904 - LibGlobalServe.py - INFO - Error : StoreTeamsTrophy9240
2022-05-09 11:31:39,904 - LibGlobalServe.py - INFO - Error : StoreTeamsTrophy9240
2022-05-09 11:31:39,904 - LibGlobalServe.py - INFO - Error : StoreTeamsTrophy9240
2022-05-09 11:31:39,904 - LibGlobalServe.py - INFO - Error : StoreTeamsTrophy9240
2022-05-09 11:31:39,904 - LibGlobalServe.py - INFO - Error : StoreTeamsTrophy9240
2022-05-09 11:31:39,904 - LibGlobalServe.py - INFO - Error : StoreTeamsTrophy9240
2022-05-09 11:31:39,904 - LibGlobalServe.py - INFO - Error : StoreTeamsTrophy9240
2022-05-09 11:31:39,904 - LibGlobalServe.py - INFO - Error : StoreTeamsTrophy9240
2022-05-09 11:31:39,904 - LibGlobalServe.py - INFO - Error : StoreTeamsTrophy9240
2022-05-09 11:31:39,904 - LibGlobalServe.py - INFO - Error : StoreTeamsTrophy9240
2022-05-09 11:31:39,904 - LibGlobalServe.py - INFO - Error : StoreTeamsTrophy9240
2022-05-09 11:31:45,286 - LibGlobalServe.py - INFO - Error : StoreTeamsTrophy9002
2022-05-09 11:31:45,286 - LibGlobalServe.py - INFO - Error : StoreTeamsTrophy9002
2022-05-09 11:31:45,286 - LibGlobalServe.py - INFO - Error : StoreTeamsTrophy9002
2022-05-09 11:31:45,286 - LibGlobalServe.py - INFO - Error : StoreTeamsTrophy9002
2022-05-09 11:31:45,286 - LibGlobalServe.py - INFO - Error : StoreTeamsTrophy9002
2022-05-09 11:31:45,286 - LibGlobalServe.py - INFO - Error : StoreTeamsTrophy9002
2022-05-09 11:31:45,286 - LibGlobalServe.py - INFO - Error : StoreTeamsTrophy9002
2022-05-09 11:31:45,286 - LibGlobalServe.py - INFO - Error : StoreTeamsTrophy9002
2022-05-09 11:31:45,286 - LibGlobalServe.py - INFO - Error : StoreTeamsTrophy9002
2022-05-09 11:31:45,286 - LibGlobalServe.py - INFO - Error : StoreTeamsTrophy9002
2022-05-09 11:31:45,286 - LibGlobalServe.py - INFO - Error : StoreTeamsTrophy9002
2022-05-09 11:31:45,286 - LibGlobalServe.py - INFO - Error : StoreTeamsTrophy9002
2022-05-09 11:31:45,286 - LibGlobalServe.py - INFO - Error : StoreTeamsTrophy9002
2022-05-09 11:31:45,286 - LibGlobalServe.py - INFO - Error : StoreTeamsTrophy9002
2022-05-09 11:31:45,286 - LibGlobalServe.py - INFO - Error : StoreTeamsTrophy9002
2022-05-09 11:31:45,286 - LibGlobalServe.py - INFO - Error : StoreTeamsTrophy9002
2022-05-09 11:31:45,286 - LibGlobalServe.py - INFO - Error : StoreTeamsTrophy9002
2022-05-09 11:31:45,286 - LibGlobalServe.py - INFO - Error : StoreTeamsTrophy9002
2022-05-09 11:31:45,286 - LibGlobalServe.py - INFO - Error : StoreTeamsTrophy9002
2022-05-09 11:31:45,286 - LibGlobalServe.py - INFO - Error : StoreTeamsTrophy9002
2022-05-09 11:31:45,286 - LibGlobalServe.py - INFO - Error : StoreTeamsTrophy9002
2022-05-09 11:31:45,286 - LibGlobalServe.py - INFO - Error : StoreTeamsTrophy9002
2022-05-09 11:31:45,286 - LibGlobalServe.py - INFO - Error : StoreTeamsTrophy9002
2022-05-09 11:31:45,286 - LibGlobalServe.py - INFO - Error : StoreTeamsTrophy9002
2022-05-09 11:31:45,286 - LibGlobalServe.py - INFO - Error : StoreTeamsTrophy9002
2022-05-09 11:31:48,530 - LibGlobalServe.py - INFO - Error : StoreSideline9059
2022-05-09 11:31:48,530 - LibGlobalServe.py - INFO - Error : StoreSideline9059
2022-05-09 11:31:48,530 - LibGlobalServe.py - INFO - Error : StoreSideline9059
2022-05-09 11:31:48,530 - LibGlobalServe.py - INFO - Error : StoreSideline9059
2022-05-09 11:31:48,530 - LibGlobalServe.py - INFO - Error : StoreSideline9059
2022-05-09 11:31:48,530 - LibGlobalServe.py - INFO - Error : StoreSideline9059
2022-05-09 11:31:48,530 - LibGlobalServe.py - INFO - Error : StoreSideline9059
2022-05-09 11:31:48,530 - LibGlobalServe.py - INFO - Error : StoreSideline9059
2022-05-09 11:31:48,530 - LibGlobalServe.py - INFO - Error : StoreSideline9059
2022-05-09 11:31:48,530 - LibGlobalServe.py - INFO - Error : StoreSideline9059
2022-05-09 11:31:48,530 - LibGlobalServe.py - INFO - Error : StoreSideline9059
2022-05-09 11:31:48,530 - LibGlobalServe.py - INFO - Error : StoreSideline9059
2022-05-09 11:31:48,530 - LibGlobalServe.py - INFO - Error : StoreSideline9059
2022-05-09 11:31:48,530 - LibGlobalServe.py - INFO - Error : StoreSideline9059
2022-05-09 11:31:48,530 - LibGlobalServe.py - INFO - Error : StoreSideline9059
2022-05-09 11:31:48,530 - LibGlobalServe.py - INFO - Error : StoreSideline9059
2022-05-09 11:31:48,530 - LibGlobalServe.py - INFO - Error : StoreSideline9059
2022-05-09 11:31:48,530 - LibGlobalServe.py - INFO - Error : StoreSideline9059
2022-05-09 11:31:48,530 - LibGlobalServe.py - INFO - Error : StoreSideline9059
2022-05-09 11:31:48,530 - LibGlobalServe.py - INFO - Error : StoreSideline9059
2022-05-09 11:31:48,530 - LibGlobalServe.py - INFO - Error : StoreSideline9059
2022-05-09 11:31:48,530 - LibGlobalServe.py - INFO - Error : StoreSideline9059
2022-05-09 11:31:48,530 - LibGlobalServe.py - INFO - Error : StoreSideline9059
2022-05-09 11:31:48,530 - LibGlobalServe.py - INFO - Error : StoreSideline9059
2022-05-09 11:31:48,530 - LibGlobalServe.py - INFO - Error : StoreSideline9059
2022-05-09 11:31:48,530 - LibGlobalServe.py - INFO - Error : StoreSideline9059
2022-05-09 11:31:48,530 - LibGlobalServe.py - INFO - Error : StoreSideline9059
2022-05-09 11:31:49,346 - LibGlobalServe.py - INFO - Error : StoreTeamsTrophy9059
2022-05-09 11:31:49,346 - LibGlobalServe.py - INFO - Error : StoreTeamsTrophy9059
2022-05-09 11:31:49,346 - LibGlobalServe.py - INFO - Error : StoreTeamsTrophy9059
2022-05-09 11:31:49,346 - LibGlobalServe.py - INFO - Error : StoreTeamsTrophy9059
2022-05-09 11:31:49,346 - LibGlobalServe.py - INFO - Error : StoreTeamsTrophy9059
2022-05-09 11:31:49,346 - LibGlobalServe.py - INFO - Error : StoreTeamsTrophy9059
2022-05-09 11:31:49,346 - LibGlobalServe.py - INFO - Error : StoreTeamsTrophy9059
2022-05-09 11:31:49,346 - LibGlobalServe.py - INFO - Error : StoreTeamsTrophy9059
2022-05-09 11:31:49,346 - LibGlobalServe.py - INFO - Error : StoreTeamsTrophy9059
2022-05-09 11:31:49,346 - LibGlobalServe.py - INFO - Error : StoreTeamsTrophy9059
2022-05-09 11:31:49,346 - LibGlobalServe.py - INFO - Error : StoreTeamsTrophy9059
2022-05-09 11:31:49,346 - LibGlobalServe.py - INFO - Error : StoreTeamsTrophy9059
2022-05-09 11:31:49,346 - LibGlobalServe.py - INFO - Error : StoreTeamsTrophy9059
2022-05-09 11:31:49,346 - LibGlobalServe.py - INFO - Error : StoreTeamsTrophy9059
2022-05-09 11:31:49,346 - LibGlobalServe.py - INFO - Error : StoreTeamsTrophy9059
2022-05-09 11:31:49,346 - LibGlobalServe.py - INFO - Error : StoreTeamsTrophy9059
2022-05-09 11:31:49,346 - LibGlobalServe.py - INFO - Error : StoreTeamsTrophy9059
2022-05-09 11:31:49,346 - LibGlobalServe.py - INFO - Error : StoreTeamsTrophy9059
2022-05-09 11:31:49,346 - LibGlobalServe.py - INFO - Error : StoreTeamsTrophy9059
2022-05-09 11:31:49,346 - LibGlobalServe.py - INFO - Error : StoreTeamsTrophy9059
2022-05-09 11:31:49,346 - LibGlobalServe.py - INFO - Error : StoreTeamsTrophy9059
2022-05-09 11:31:49,346 - LibGlobalServe.py - INFO - Error : StoreTeamsTrophy9059
2022-05-09 11:31:49,346 - LibGlobalServe.py - INFO - Error : StoreTeamsTrophy9059
2022-05-09 11:31:49,346 - LibGlobalServe.py - INFO - Error : StoreTeamsTrophy9059
2022-05-09 11:31:49,346 - LibGlobalServe.py - INFO - Error : StoreTeamsTrophy9059
2022-05-09 11:31:49,346 - LibGlobalServe.py - INFO - Error : StoreTeamsTrophy9059
2022-05-09 11:31:49,346 - LibGlobalServe.py - INFO - Error : StoreTeamsTrophy9059
2022-05-09 11:31:49,346 - LibGlobalServe.py - INFO - Error : StoreTeamsTrophy9059
2022-07-06 14:10:48,261 - LibGlobalServe.py - INFO - Error : StoreTransfermPlayerIN5922
2022-07-06 14:10:48,261 - LibGlobalServe.py - INFO - Error : StoreTransfermPlayerIN5922
2022-07-06 14:10:48,261 - LibGlobalServe.py - INFO - Error : StoreTransfermPlayerIN5922
2022-07-06 14:10:48,370 - LibGlobalServe.py - INFO - Error : StoreTransfermPlayerOUT5922
2022-07-06 14:10:48,370 - LibGlobalServe.py - INFO - Error : StoreTransfermPlayerOUT5922
2022-07-06 14:10:48,370 - LibGlobalServe.py - INFO - Error : StoreTransfermPlayerOUT5922
2022-07-06 14:10:48,370 - LibGlobalServe.py - INFO - Error : StoreTransfermPlayerOUT5922
2022-07-06 14:11:24,434 - LibGlobalServe.py - INFO - Error : StoreTransfermPlayerIN6042
2022-07-06 14:11:24,434 - LibGlobalServe.py - INFO - Error : StoreTransfermPlayerIN6042
2022-07-06 14:11:24,434 - LibGlobalServe.py - INFO - Error : StoreTransfermPlayerIN6042
2022-07-06 14:11:24,434 - LibGlobalServe.py - INFO - Error : StoreTransfermPlayerIN6042
2022-07-06 14:11:24,434 - LibGlobalServe.py - INFO - Error : StoreTransfermPlayerIN6042
2022-07-06 14:11:24,434 - LibGlobalServe.py - INFO - Error : StoreTransfermPlayerIN6042
2022-07-06 14:11:24,434 - LibGlobalServe.py - INFO - Error : StoreTransfermPlayerIN6042
2022-07-06 14:11:24,434 - LibGlobalServe.py - INFO - Error : StoreTransfermPlayerIN6042
2022-07-06 14:11:24,436 - LibGlobalServe.py - INFO - Error : StoreTransfermPlayerOUT6042
2022-07-06 14:11:24,436 - LibGlobalServe.py - INFO - Error : StoreTransfermPlayerOUT6042
2022-07-06 14:11:24,436 - LibGlobalServe.py - INFO - Error : StoreTransfermPlayerOUT6042
2022-07-06 14:11:24,436 - LibGlobalServe.py - INFO - Error : StoreTransfermPlayerOUT6042
2022-07-06 14:11:24,436 - LibGlobalServe.py - INFO - Error : StoreTransfermPlayerOUT6042
2022-07-06 14:11:24,436 - LibGlobalServe.py - INFO - Error : StoreTransfermPlayerOUT6042
2022-07-06 14:11:24,436 - LibGlobalServe.py - INFO - Error : StoreTransfermPlayerOUT6042
2022-07-06 14:11:24,436 - LibGlobalServe.py - INFO - Error : StoreTransfermPlayerOUT6042
2022-07-06 14:11:24,436 - LibGlobalServe.py - INFO - Error : StoreTransfermPlayerOUT6042
2022-07-06 14:12:19,820 - LibGlobalServe.py - INFO - Error : StoreTransfermPlayerIN5923
2022-07-06 14:12:19,820 - LibGlobalServe.py - INFO - Error : StoreTransfermPlayerIN5923
2022-07-06 14:12:19,820 - LibGlobalServe.py - INFO - Error : StoreTransfermPlayerIN5923
2022-07-06 14:12:19,820 - LibGlobalServe.py - INFO - Error : StoreTransfermPlayerIN5923
2022-07-06 14:12:19,820 - LibGlobalServe.py - INFO - Error : StoreTransfermPlayerIN5923
2022-07-06 14:12:19,820 - LibGlobalServe.py - INFO - Error : StoreTransfermPlayerIN5923
2022-07-06 14:12:19,820 - LibGlobalServe.py - INFO - Error : StoreTransfermPlayerIN5923
2022-07-06 14:12:19,820 - LibGlobalServe.py - INFO - Error : StoreTransfermPlayerIN5923
2022-07-06 14:12:19,820 - LibGlobalServe.py - INFO - Error : StoreTransfermPlayerIN5923
2022-07-06 14:12:19,820 - LibGlobalServe.py - INFO - Error : StoreTransfermPlayerIN5923
2022-07-06 14:12:19,820 - LibGlobalServe.py - INFO - Error : StoreTransfermPlayerIN5923
2022-07-06 14:12:19,820 - LibGlobalServe.py - INFO - Error : StoreTransfermPlayerIN5923
2022-07-06 14:12:19,820 - LibGlobalServe.py - INFO - Error : StoreTransfermPlayerIN5923
2022-07-06 14:12:19,820 - LibGlobalServe.py - INFO - Error : StoreTransfermPlayerIN5923
2022-07-06 14:12:19,824 - LibGlobalServe.py - INFO - Error : StoreTransfermPlayerOUT5923
2022-07-06 14:12:19,824 - LibGlobalServe.py - INFO - Error : StoreTransfermPlayerOUT5923
2022-07-06 14:12:19,824 - LibGlobalServe.py - INFO - Error : StoreTransfermPlayerOUT5923
2022-07-06 14:12:19,824 - LibGlobalServe.py - INFO - Error : StoreTransfermPlayerOUT5923
2022-07-06 14:12:19,824 - LibGlobalServe.py - INFO - Error : StoreTransfermPlayerOUT5923
2022-07-06 14:12:19,824 - LibGlobalServe.py - INFO - Error : StoreTransfermPlayerOUT5923
2022-07-06 14:12:19,824 - LibGlobalServe.py - INFO - Error : StoreTransfermPlayerOUT5923
2022-07-06 14:12:19,824 - LibGlobalServe.py - INFO - Error : StoreTransfermPlayerOUT5923
2022-07-06 14:12:19,824 - LibGlobalServe.py - INFO - Error : StoreTransfermPlayerOUT5923
2022-07-06 14:12:19,824 - LibGlobalServe.py - INFO - Error : StoreTransfermPlayerOUT5923
2022-07-06 14:12:19,824 - LibGlobalServe.py - INFO - Error : StoreTransfermPlayerOUT5923
2022-07-06 14:12:19,824 - LibGlobalServe.py - INFO - Error : StoreTransfermPlayerOUT5923
2022-07-06 14:12:19,824 - LibGlobalServe.py - INFO - Error : StoreTransfermPlayerOUT5923
2022-07-06 14:12:19,824 - LibGlobalServe.py - INFO - Error : StoreTransfermPlayerOUT5923
2022-07-06 14:12:19,824 - LibGlobalServe.py - INFO - Error : StoreTransfermPlayerOUT5923
2022-07-06 14:13:07,189 - LibGlobalServe.py - INFO - Error : StoreTransfermPlayerIN5976
2022-07-06 14:13:07,189 - LibGlobalServe.py - INFO - Error : StoreTransfermPlayerIN5976
2022-07-06 14:13:07,189 - LibGlobalServe.py - INFO - Error : StoreTransfermPlayerIN5976
2022-07-06 14:13:07,189 - LibGlobalServe.py - INFO - Error : StoreTransfermPlayerIN5976
2022-07-06 14:13:07,189 - LibGlobalServe.py - INFO - Error : StoreTransfermPlayerIN5976
2022-07-06 14:13:07,189 - LibGlobalServe.py - INFO - Error : StoreTransfermPlayerIN5976
2022-07-06 14:13:07,189 - LibGlobalServe.py - INFO - Error : StoreTransfermPlayerIN5976
2022-07-06 14:13:07,189 - LibGlobalServe.py - INFO - Error : StoreTransfermPlayerIN5976
2022-07-06 14:13:07,189 - LibGlobalServe.py - INFO - Error : StoreTransfermPlayerIN5976
2022-07-06 14:13:07,189 - LibGlobalServe.py - INFO - Error : StoreTransfermPlayerIN5976
2022-07-06 14:13:07,189 - LibGlobalServe.py - INFO - Error : StoreTransfermPlayerIN5976
2022-07-06 14:13:07,189 - LibGlobalServe.py - INFO - Error : StoreTransfermPlayerIN5976
2022-07-06 14:13:07,189 - LibGlobalServe.py - INFO - Error : StoreTransfermPlayerIN5976
2022-07-06 14:13:07,189 - LibGlobalServe.py - INFO - Error : StoreTransfermPlayerIN5976
2022-07-06 14:13:07,189 - LibGlobalServe.py - INFO - Error : StoreTransfermPlayerIN5976
2022-07-06 14:13:07,189 - LibGlobalServe.py - INFO - Error : StoreTransfermPlayerIN5976
2022-07-06 14:13:07,189 - LibGlobalServe.py - INFO - Error : StoreTransfermPlayerIN5976
2022-07-06 14:13:07,189 - LibGlobalServe.py - INFO - Error : StoreTransfermPlayerIN5976
2022-07-06 14:13:07,193 - LibGlobalServe.py - INFO - Error : StoreTransfermPlayerOUT5976
2022-07-06 14:13:07,193 - LibGlobalServe.py - INFO - Error : StoreTransfermPlayerOUT5976
2022-07-06 14:13:07,193 - LibGlobalServe.py - INFO - Error : StoreTransfermPlayerOUT5976
2022-07-06 14:13:07,193 - LibGlobalServe.py - INFO - Error : StoreTransfermPlayerOUT5976
2022-07-06 14:13:07,193 - LibGlobalServe.py - INFO - Error : StoreTransfermPlayerOUT5976
2022-07-06 14:13:07,193 - LibGlobalServe.py - INFO - Error : StoreTransfermPlayerOUT5976
2022-07-06 14:13:07,193 - LibGlobalServe.py - INFO - Error : StoreTransfermPlayerOUT5976
2022-07-06 14:13:07,193 - LibGlobalServe.py - INFO - Error : StoreTransfermPlayerOUT5976
2022-07-06 14:13:07,193 - LibGlobalServe.py - INFO - Error : StoreTransfermPlayerOUT5976
2022-07-06 14:13:07,193 - LibGlobalServe.py - INFO - Error : StoreTransfermPlayerOUT5976
2022-07-06 14:13:07,193 - LibGlobalServe.py - INFO - Error : StoreTransfermPlayerOUT5976
2022-07-06 14:13:07,193 - LibGlobalServe.py - INFO - Error : StoreTransfermPlayerOUT5976
2022-07-06 14:13:07,193 - LibGlobalServe.py - INFO - Error : StoreTransfermPlayerOUT5976
2022-07-06 14:13:07,193 - LibGlobalServe.py - INFO - Error : StoreTransfermPlayerOUT5976
2022-07-06 14:13:07,193 - LibGlobalServe.py - INFO - Error : StoreTransfermPlayerOUT5976
2022-07-06 14:13:07,193 - LibGlobalServe.py - INFO - Error : StoreTransfermPlayerOUT5976
2022-07-06 14:13:07,193 - LibGlobalServe.py - INFO - Error : StoreTransfermPlayerOUT5976
2022-07-06 14:13:07,193 - LibGlobalServe.py - INFO - Error : StoreTransfermPlayerOUT5976
2022-07-06 14:13:07,193 - LibGlobalServe.py - INFO - Error : StoreTransfermPlayerOUT5976
2022-07-06 14:14:01,267 - LibGlobalServe.py - INFO - Error : StoreTransfermPlayerIN6018
2022-07-06 14:14:01,267 - LibGlobalServe.py - INFO - Error : StoreTransfermPlayerIN6018
2022-07-06 14:14:01,267 - LibGlobalServe.py - INFO - Error : StoreTransfermPlayerIN6018
2022-07-06 14:14:01,267 - LibGlobalServe.py - INFO - Error : StoreTransfermPlayerIN6018
2022-07-06 14:14:01,267 - LibGlobalServe.py - INFO - Error : StoreTransfermPlayerIN6018
2022-07-06 14:14:01,267 - LibGlobalServe.py - INFO - Error : StoreTransfermPlayerIN6018
2022-07-06 14:14:01,267 - LibGlobalServe.py - INFO - Error : StoreTransfermPlayerIN6018
2022-07-06 14:14:01,267 - LibGlobalServe.py - INFO - Error : StoreTransfermPlayerIN6018
2022-07-06 14:14:01,267 - LibGlobalServe.py - INFO - Error : StoreTransfermPlayerIN6018
2022-07-06 14:14:01,267 - LibGlobalServe.py - INFO - Error : StoreTransfermPlayerIN6018
2022-07-06 14:14:01,267 - LibGlobalServe.py - INFO - Error : StoreTransfermPlayerIN6018
2022-07-06 14:14:01,267 - LibGlobalServe.py - INFO - Error : StoreTransfermPlayerIN6018
2022-07-06 14:14:01,267 - LibGlobalServe.py - INFO - Error : StoreTransfermPlayerIN6018
2022-07-06 14:14:01,267 - LibGlobalServe.py - INFO - Error : StoreTransfermPlayerIN6018
2022-07-06 14:14:01,267 - LibGlobalServe.py - INFO - Error : StoreTransfermPlayerIN6018
2022-07-06 14:14:01,267 - LibGlobalServe.py - INFO - Error : StoreTransfermPlayerIN6018
2022-07-06 14:14:01,267 - LibGlobalServe.py - INFO - Error : StoreTransfermPlayerIN6018
2022-07-06 14:14:01,267 - LibGlobalServe.py - INFO - Error : StoreTransfermPlayerIN6018
2022-07-06 14:14:01,267 - LibGlobalServe.py - INFO - Error : StoreTransfermPlayerIN6018
2022-07-06 14:14:01,267 - LibGlobalServe.py - INFO - Error : StoreTransfermPlayerIN6018
2022-07-06 14:14:01,267 - LibGlobalServe.py - INFO - Error : StoreTransfermPlayerIN6018
2022-07-06 14:14:01,267 - LibGlobalServe.py - INFO - Error : StoreTransfermPlayerIN6018
2022-07-06 14:14:01,267 - LibGlobalServe.py - INFO - Error : StoreTransfermPlayerIN6018
2022-07-06 14:14:01,267 - LibGlobalServe.py - INFO - Error : StoreTransfermPlayerIN6018
2022-07-06 14:14:01,272 - LibGlobalServe.py - INFO - Error : StoreTransfermPlayerOUT6018
2022-07-06 14:14:01,272 - LibGlobalServe.py - INFO - Error : StoreTransfermPlayerOUT6018
2022-07-06 14:14:01,272 - LibGlobalServe.py - INFO - Error : StoreTransfermPlayerOUT6018
2022-07-06 14:14:01,272 - LibGlobalServe.py - INFO - Error : StoreTransfermPlayerOUT6018
2022-07-06 14:14:01,272 - LibGlobalServe.py - INFO - Error : StoreTransfermPlayerOUT6018
2022-07-06 14:14:01,272 - LibGlobalServe.py - INFO - Error : StoreTransfermPlayerOUT6018
2022-07-06 14:14:01,272 - LibGlobalServe.py - INFO - Error : StoreTransfermPlayerOUT6018
2022-07-06 14:14:01,272 - LibGlobalServe.py - INFO - Error : StoreTransfermPlayerOUT6018
2022-07-06 14:14:01,272 - LibGlobalServe.py - INFO - Error : StoreTransfermPlayerOUT6018
2022-07-06 14:14:01,272 - LibGlobalServe.py - INFO - Error : StoreTransfermPlayerOUT6018
2022-07-06 14:14:01,272 - LibGlobalServe.py - INFO - Error : StoreTransfermPlayerOUT6018
2022-07-06 14:14:01,272 - LibGlobalServe.py - INFO - Error : StoreTransfermPlayerOUT6018
2022-07-06 14:14:01,272 - LibGlobalServe.py - INFO - Error : StoreTransfermPlayerOUT6018
2022-07-06 14:14:01,272 - LibGlobalServe.py - INFO - Error : StoreTransfermPlayerOUT6018
2022-07-06 14:14:01,272 - LibGlobalServe.py - INFO - Error : StoreTransfermPlayerOUT6018
2022-07-06 14:14:01,272 - LibGlobalServe.py - INFO - Error : StoreTransfermPlayerOUT6018
2022-07-06 14:14:01,272 - LibGlobalServe.py - INFO - Error : StoreTransfermPlayerOUT6018
2022-07-06 14:14:01,272 - LibGlobalServe.py - INFO - Error : StoreTransfermPlayerOUT6018
2022-07-06 14:14:01,272 - LibGlobalServe.py - INFO - Error : StoreTransfermPlayerOUT6018
2022-07-06 14:14:01,272 - LibGlobalServe.py - INFO - Error : StoreTransfermPlayerOUT6018
2022-07-06 14:14:01,272 - LibGlobalServe.py - INFO - Error : StoreTransfermPlayerOUT6018
2022-07-06 14:14:01,272 - LibGlobalServe.py - INFO - Error : StoreTransfermPlayerOUT6018
2022-07-06 14:14:01,272 - LibGlobalServe.py - INFO - Error : StoreTransfermPlayerOUT6018
2022-07-06 14:14:01,272 - LibGlobalServe.py - INFO - Error : StoreTransfermPlayerOUT6018
2022-07-06 14:14:01,272 - LibGlobalServe.py - INFO - Error : StoreTransfermPlayerOUT6018
2022-07-06 14:14:47,985 - LibGlobalServe.py - INFO - Error : StoreTransfermPlayerIN5992
2022-07-06 14:14:47,985 - LibGlobalServe.py - INFO - Error : StoreTransfermPlayerIN5992
2022-07-06 14:14:47,985 - LibGlobalServe.py - INFO - Error : StoreTransfermPlayerIN5992
2022-07-06 14:14:47,985 - LibGlobalServe.py - INFO - Error : StoreTransfermPlayerIN5992
2022-07-06 14:14:47,985 - LibGlobalServe.py - INFO - Error : StoreTransfermPlayerIN5992
2022-07-06 14:14:47,985 - LibGlobalServe.py - INFO - Error : StoreTransfermPlayerIN5992
2022-07-06 14:14:47,985 - LibGlobalServe.py - INFO - Error : StoreTransfermPlayerIN5992
2022-07-06 14:14:47,985 - LibGlobalServe.py - INFO - Error : StoreTransfermPlayerIN5992
2022-07-06 14:14:47,985 - LibGlobalServe.py - INFO - Error : StoreTransfermPlayerIN5992
2022-07-06 14:14:47,985 - LibGlobalServe.py - INFO - Error : StoreTransfermPlayerIN5992
2022-07-06 14:14:47,985 - LibGlobalServe.py - INFO - Error : StoreTransfermPlayerIN5992
2022-07-06 14:14:47,985 - LibGlobalServe.py - INFO - Error : StoreTransfermPlayerIN5992
2022-07-06 14:14:47,985 - LibGlobalServe.py - INFO - Error : StoreTransfermPlayerIN5992
2022-07-06 14:14:47,985 - LibGlobalServe.py - INFO - Error : StoreTransfermPlayerIN5992
2022-07-06 14:14:47,985 - LibGlobalServe.py - INFO - Error : StoreTransfermPlayerIN5992
2022-07-06 14:14:47,985 - LibGlobalServe.py - INFO - Error : StoreTransfermPlayerIN5992
2022-07-06 14:14:47,985 - LibGlobalServe.py - INFO - Error : StoreTransfermPlayerIN5992
2022-07-06 14:14:47,985 - LibGlobalServe.py - INFO - Error : StoreTransfermPlayerIN5992
2022-07-06 14:14:47,985 - LibGlobalServe.py - INFO - Error : StoreTransfermPlayerIN5992
2022-07-06 14:14:47,985 - LibGlobalServe.py - INFO - Error : StoreTransfermPlayerIN5992
2022-07-06 14:14:47,985 - LibGlobalServe.py - INFO - Error : StoreTransfermPlayerIN5992
2022-07-06 14:14:47,985 - LibGlobalServe.py - INFO - Error : StoreTransfermPlayerIN5992
2022-07-06 14:14:47,985 - LibGlobalServe.py - INFO - Error : StoreTransfermPlayerIN5992
2022-07-06 14:14:47,985 - LibGlobalServe.py - INFO - Error : StoreTransfermPlayerIN5992
2022-07-06 14:14:47,985 - LibGlobalServe.py - INFO - Error : StoreTransfermPlayerIN5992
2022-07-06 14:14:47,985 - LibGlobalServe.py - INFO - Error : StoreTransfermPlayerIN5992
2022-07-06 14:14:47,985 - LibGlobalServe.py - INFO - Error : StoreTransfermPlayerIN5992
2022-07-06 14:14:47,985 - LibGlobalServe.py - INFO - Error : StoreTransfermPlayerIN5992
2022-07-06 14:14:47,985 - LibGlobalServe.py - INFO - Error : StoreTransfermPlayerIN5992
2022-07-06 14:14:47,985 - LibGlobalServe.py - INFO - Error : StoreTransfermPlayerIN5992
2022-07-06 14:14:47,990 - LibGlobalServe.py - INFO - Error : StoreTransfermPlayerOUT5992
2022-07-06 14:14:47,990 - LibGlobalServe.py - INFO - Error : StoreTransfermPlayerOUT5992
2022-07-06 14:14:47,990 - LibGlobalServe.py - INFO - Error : StoreTransfermPlayerOUT5992
2022-07-06 14:14:47,990 - LibGlobalServe.py - INFO - Error : StoreTransfermPlayerOUT5992
2022-07-06 14:14:47,990 - LibGlobalServe.py - INFO - Error : StoreTransfermPlayerOUT5992
2022-07-06 14:14:47,990 - LibGlobalServe.py - INFO - Error : StoreTransfermPlayerOUT5992
2022-07-06 14:14:47,990 - LibGlobalServe.py - INFO - Error : StoreTransfermPlayerOUT5992
2022-07-06 14:14:47,990 - LibGlobalServe.py - INFO - Error : StoreTransfermPlayerOUT5992
2022-07-06 14:14:47,990 - LibGlobalServe.py - INFO - Error : StoreTransfermPlayerOUT5992
2022-07-06 14:14:47,990 - LibGlobalServe.py - INFO - Error : StoreTransfermPlayerOUT5992
2022-07-06 14:14:47,990 - LibGlobalServe.py - INFO - Error : StoreTransfermPlayerOUT5992
2022-07-06 14:14:47,990 - LibGlobalServe.py - INFO - Error : StoreTransfermPlayerOUT5992
2022-07-06 14:14:47,990 - LibGlobalServe.py - INFO - Error : StoreTransfermPlayerOUT5992
2022-07-06 14:14:47,990 - LibGlobalServe.py - INFO - Error : StoreTransfermPlayerOUT5992
2022-07-06 14:14:47,990 - LibGlobalServe.py - INFO - Error : StoreTransfermPlayerOUT5992
2022-07-06 14:14:47,990 - LibGlobalServe.py - INFO - Error : StoreTransfermPlayerOUT5992
2022-07-06 14:14:47,990 - LibGlobalServe.py - INFO - Error : StoreTransfermPlayerOUT5992
2022-07-06 14:14:47,990 - LibGlobalServe.py - INFO - Error : StoreTransfermPlayerOUT5992
2022-07-06 14:14:47,990 - LibGlobalServe.py - INFO - Error : StoreTransfermPlayerOUT5992
2022-07-06 14:14:47,990 - LibGlobalServe.py - INFO - Error : StoreTransfermPlayerOUT5992
2022-07-06 14:14:47,990 - LibGlobalServe.py - INFO - Error : StoreTransfermPlayerOUT5992
2022-07-06 14:14:47,990 - LibGlobalServe.py - INFO - Error : StoreTransfermPlayerOUT5992
2022-07-06 14:14:47,990 - LibGlobalServe.py - INFO - Error : StoreTransfermPlayerOUT5992
2022-07-06 14:14:47,990 - LibGlobalServe.py - INFO - Error : StoreTransfermPlayerOUT5992
2022-07-06 14:14:47,990 - LibGlobalServe.py - INFO - Error : StoreTransfermPlayerOUT5992
2022-07-06 14:14:47,990 - LibGlobalServe.py - INFO - Error : StoreTransfermPlayerOUT5992
2022-07-06 14:14:47,990 - LibGlobalServe.py - INFO - Error : StoreTransfermPlayerOUT5992
2022-07-06 14:14:47,990 - LibGlobalServe.py - INFO - Error : StoreTransfermPlayerOUT5992
2022-07-06 14:14:47,990 - LibGlobalServe.py - INFO - Error : StoreTransfermPlayerOUT5992
2022-07-06 14:14:47,990 - LibGlobalServe.py - INFO - Error : StoreTransfermPlayerOUT5992
2022-07-06 14:14:47,990 - LibGlobalServe.py - INFO - Error : StoreTransfermPlayerOUT5992
2022-07-06 14:14:54,715 - LibGlobalServe.py - INFO - Error : StoreTransfermPlayerIN23408
2022-07-06 14:14:54,715 - LibGlobalServe.py - INFO - Error : StoreTransfermPlayerIN23408
2022-07-06 14:14:54,715 - LibGlobalServe.py - INFO - Error : StoreTransfermPlayerIN23408
2022-07-06 14:14:54,715 - LibGlobalServe.py - INFO - Error : StoreTransfermPlayerIN23408
2022-07-06 14:14:54,715 - LibGlobalServe.py - INFO - Error : StoreTransfermPlayerIN23408
2022-07-06 14:14:54,715 - LibGlobalServe.py - INFO - Error : StoreTransfermPlayerIN23408
2022-07-06 14:14:54,715 - LibGlobalServe.py - INFO - Error : StoreTransfermPlayerIN23408
2022-07-06 14:14:54,715 - LibGlobalServe.py - INFO - Error : StoreTransfermPlayerIN23408
2022-07-06 14:14:54,715 - LibGlobalServe.py - INFO - Error : StoreTransfermPlayerIN23408
2022-07-06 14:14:54,715 - LibGlobalServe.py - INFO - Error : StoreTransfermPlayerIN23408
2022-07-06 14:14:54,715 - LibGlobalServe.py - INFO - Error : StoreTransfermPlayerIN23408
2022-07-06 14:14:54,715 - LibGlobalServe.py - INFO - Error : StoreTransfermPlayerIN23408
2022-07-06 14:14:54,715 - LibGlobalServe.py - INFO - Error : StoreTransfermPlayerIN23408
2022-07-06 14:14:54,715 - LibGlobalServe.py - INFO - Error : StoreTransfermPlayerIN23408
2022-07-06 14:14:54,715 - LibGlobalServe.py - INFO - Error : StoreTransfermPlayerIN23408
2022-07-06 14:14:54,715 - LibGlobalServe.py - INFO - Error : StoreTransfermPlayerIN23408
2022-07-06 14:14:54,715 - LibGlobalServe.py - INFO - Error : StoreTransfermPlayerIN23408
2022-07-06 14:14:54,715 - LibGlobalServe.py - INFO - Error : StoreTransfermPlayerIN23408
2022-07-06 14:14:54,715 - LibGlobalServe.py - INFO - Error : StoreTransfermPlayerIN23408
2022-07-06 14:14:54,715 - LibGlobalServe.py - INFO - Error : StoreTransfermPlayerIN23408
2022-07-06 14:14:54,715 - LibGlobalServe.py - INFO - Error : StoreTransfermPlayerIN23408
2022-07-06 14:14:54,715 - LibGlobalServe.py - INFO - Error : StoreTransfermPlayerIN23408
2022-07-06 14:14:54,715 - LibGlobalServe.py - INFO - Error : StoreTransfermPlayerIN23408
2022-07-06 14:14:54,715 - LibGlobalServe.py - INFO - Error : StoreTransfermPlayerIN23408
2022-07-06 14:14:54,715 - LibGlobalServe.py - INFO - Error : StoreTransfermPlayerIN23408
2022-07-06 14:14:54,715 - LibGlobalServe.py - INFO - Error : StoreTransfermPlayerIN23408
2022-07-06 14:14:54,715 - LibGlobalServe.py - INFO - Error : StoreTransfermPlayerIN23408
2022-07-06 14:14:54,715 - LibGlobalServe.py - INFO - Error : StoreTransfermPlayerIN23408
2022-07-06 14:14:54,715 - LibGlobalServe.py - INFO - Error : StoreTransfermPlayerIN23408
2022-07-06 14:14:54,715 - LibGlobalServe.py - INFO - Error : StoreTransfermPlayerIN23408
2022-07-06 14:14:54,715 - LibGlobalServe.py - INFO - Error : StoreTransfermPlayerIN23408
2022-07-06 14:14:54,715 - LibGlobalServe.py - INFO - Error : StoreTransfermPlayerIN23408
2022-07-06 14:14:54,715 - LibGlobalServe.py - INFO - Error : StoreTransfermPlayerIN23408
2022-07-06 14:14:54,715 - LibGlobalServe.py - INFO - Error : StoreTransfermPlayerIN23408
2022-07-06 14:14:54,715 - LibGlobalServe.py - INFO - Error : StoreTransfermPlayerIN23408
2022-07-06 14:14:54,721 - LibGlobalServe.py - INFO - Error : StoreTransfermPlayerOUT23408
2022-07-06 14:14:54,721 - LibGlobalServe.py - INFO - Error : StoreTransfermPlayerOUT23408
2022-07-06 14:14:54,721 - LibGlobalServe.py - INFO - Error : StoreTransfermPlayerOUT23408
2022-07-06 14:14:54,721 - LibGlobalServe.py - INFO - Error : StoreTransfermPlayerOUT23408
2022-07-06 14:14:54,721 - LibGlobalServe.py - INFO - Error : StoreTransfermPlayerOUT23408
2022-07-06 14:14:54,721 - LibGlobalServe.py - INFO - Error : StoreTransfermPlayerOUT23408
2022-07-06 14:14:54,721 - LibGlobalServe.py - INFO - Error : StoreTransfermPlayerOUT23408
2022-07-06 14:14:54,721 - LibGlobalServe.py - INFO - Error : StoreTransfermPlayerOUT23408
2022-07-06 14:14:54,721 - LibGlobalServe.py - INFO - Error : StoreTransfermPlayerOUT23408
2022-07-06 14:14:54,721 - LibGlobalServe.py - INFO - Error : StoreTransfermPlayerOUT23408
2022-07-06 14:14:54,721 - LibGlobalServe.py - INFO - Error : StoreTransfermPlayerOUT23408
2022-07-06 14:14:54,721 - LibGlobalServe.py - INFO - Error : StoreTransfermPlayerOUT23408
2022-07-06 14:14:54,721 - LibGlobalServe.py - INFO - Error : StoreTransfermPlayerOUT23408
2022-07-06 14:14:54,721 - LibGlobalServe.py - INFO - Error : StoreTransfermPlayerOUT23408
2022-07-06 14:14:54,721 - LibGlobalServe.py - INFO - Error : StoreTransfermPlayerOUT23408
2022-07-06 14:14:54,721 - LibGlobalServe.py - INFO - Error : StoreTransfermPlayerOUT23408
2022-07-06 14:14:54,721 - LibGlobalServe.py - INFO - Error : StoreTransfermPlayerOUT23408
2022-07-06 14:14:54,721 - LibGlobalServe.py - INFO - Error : StoreTransfermPlayerOUT23408
2022-07-06 14:14:54,721 - LibGlobalServe.py - INFO - Error : StoreTransfermPlayerOUT23408
2022-07-06 14:14:54,721 - LibGlobalServe.py - INFO - Error : StoreTransfermPlayerOUT23408
2022-07-06 14:14:54,721 - LibGlobalServe.py - INFO - Error : StoreTransfermPlayerOUT23408
2022-07-06 14:14:54,721 - LibGlobalServe.py - INFO - Error : StoreTransfermPlayerOUT23408
2022-07-06 14:14:54,721 - LibGlobalServe.py - INFO - Error : StoreTransfermPlayerOUT23408
2022-07-06 14:14:54,721 - LibGlobalServe.py - INFO - Error : StoreTransfermPlayerOUT23408
2022-07-06 14:14:54,721 - LibGlobalServe.py - INFO - Error : StoreTransfermPlayerOUT23408
2022-07-06 14:14:54,721 - LibGlobalServe.py - INFO - Error : StoreTransfermPlayerOUT23408
2022-07-06 14:14:54,721 - LibGlobalServe.py - INFO - Error : StoreTransfermPlayerOUT23408
2022-07-06 14:14:54,721 - LibGlobalServe.py - INFO - Error : StoreTransfermPlayerOUT23408
2022-07-06 14:14:54,721 - LibGlobalServe.py - INFO - Error : StoreTransfermPlayerOUT23408
2022-07-06 14:14:54,721 - LibGlobalServe.py - INFO - Error : StoreTransfermPlayerOUT23408
2022-07-06 14:14:54,721 - LibGlobalServe.py - INFO - Error : StoreTransfermPlayerOUT23408
2022-07-06 14:14:54,721 - LibGlobalServe.py - INFO - Error : StoreTransfermPlayerOUT23408
2022-07-06 14:14:54,721 - LibGlobalServe.py - INFO - Error : StoreTransfermPlayerOUT23408
2022-07-06 14:14:54,721 - LibGlobalServe.py - INFO - Error : StoreTransfermPlayerOUT23408
2022-07-06 14:14:54,721 - LibGlobalServe.py - INFO - Error : StoreTransfermPlayerOUT23408
2022-07-06 14:14:54,721 - LibGlobalServe.py - INFO - Error : StoreTransfermPlayerOUT23408
2022-07-06 14:15:16,338 - LibGlobalServe.py - INFO - Error : StoreTransfermPlayerIN24358
2022-07-06 14:15:16,338 - LibGlobalServe.py - INFO - Error : StoreTransfermPlayerIN24358
2022-07-06 14:15:16,338 - LibGlobalServe.py - INFO - Error : StoreTransfermPlayerIN24358
2022-07-06 14:15:16,338 - LibGlobalServe.py - INFO - Error : StoreTransfermPlayerIN24358
2022-07-06 14:15:16,338 - LibGlobalServe.py - INFO - Error : StoreTransfermPlayerIN24358
2022-07-06 14:15:16,338 - LibGlobalServe.py - INFO - Error : StoreTransfermPlayerIN24358
2022-07-06 14:15:16,338 - LibGlobalServe.py - INFO - Error : StoreTransfermPlayerIN24358
2022-07-06 14:15:16,338 - LibGlobalServe.py - INFO - Error : StoreTransfermPlayerIN24358
2022-07-06 14:15:16,338 - LibGlobalServe.py - INFO - Error : StoreTransfermPlayerIN24358
2022-07-06 14:15:16,338 - LibGlobalServe.py - INFO - Error : StoreTransfermPlayerIN24358
2022-07-06 14:15:16,338 - LibGlobalServe.py - INFO - Error : StoreTransfermPlayerIN24358
2022-07-06 14:15:16,338 - LibGlobalServe.py - INFO - Error : StoreTransfermPlayerIN24358
2022-07-06 14:15:16,338 - LibGlobalServe.py - INFO - Error : StoreTransfermPlayerIN24358
2022-07-06 14:15:16,338 - LibGlobalServe.py - INFO - Error : StoreTransfermPlayerIN24358
2022-07-06 14:15:16,338 - LibGlobalServe.py - INFO - Error : StoreTransfermPlayerIN24358
2022-07-06 14:15:16,338 - LibGlobalServe.py - INFO - Error : StoreTransfermPlayerIN24358
2022-07-06 14:15:16,338 - LibGlobalServe.py - INFO - Error : StoreTransfermPlayerIN24358
2022-07-06 14:15:16,338 - LibGlobalServe.py - INFO - Error : StoreTransfermPlayerIN24358
2022-07-06 14:15:16,338 - LibGlobalServe.py - INFO - Error : StoreTransfermPlayerIN24358
2022-07-06 14:15:16,338 - LibGlobalServe.py - INFO - Error : StoreTransfermPlayerIN24358
2022-07-06 14:15:16,338 - LibGlobalServe.py - INFO - Error : StoreTransfermPlayerIN24358
2022-07-06 14:15:16,338 - LibGlobalServe.py - INFO - Error : StoreTransfermPlayerIN24358
2022-07-06 14:15:16,338 - LibGlobalServe.py - INFO - Error : StoreTransfermPlayerIN24358
2022-07-06 14:15:16,338 - LibGlobalServe.py - INFO - Error : StoreTransfermPlayerIN24358
2022-07-06 14:15:16,338 - LibGlobalServe.py - INFO - Error : StoreTransfermPlayerIN24358
2022-07-06 14:15:16,338 - LibGlobalServe.py - INFO - Error : StoreTransfermPlayerIN24358
2022-07-06 14:15:16,338 - LibGlobalServe.py - INFO - Error : StoreTransfermPlayerIN24358
2022-07-06 14:15:16,338 - LibGlobalServe.py - INFO - Error : StoreTransfermPlayerIN24358
2022-07-06 14:15:16,338 - LibGlobalServe.py - INFO - Error : StoreTransfermPlayerIN24358
2022-07-06 14:15:16,338 - LibGlobalServe.py - INFO - Error : StoreTransfermPlayerIN24358
2022-07-06 14:15:16,338 - LibGlobalServe.py - INFO - Error : StoreTransfermPlayerIN24358
2022-07-06 14:15:16,338 - LibGlobalServe.py - INFO - Error : StoreTransfermPlayerIN24358
2022-07-06 14:15:16,338 - LibGlobalServe.py - INFO - Error : StoreTransfermPlayerIN24358
2022-07-06 14:15:16,338 - LibGlobalServe.py - INFO - Error : StoreTransfermPlayerIN24358
2022-07-06 14:15:16,338 - LibGlobalServe.py - INFO - Error : StoreTransfermPlayerIN24358
2022-07-06 14:15:16,338 - LibGlobalServe.py - INFO - Error : StoreTransfermPlayerIN24358
2022-07-06 14:15:16,338 - LibGlobalServe.py - INFO - Error : StoreTransfermPlayerIN24358
2022-07-06 14:15:16,338 - LibGlobalServe.py - INFO - Error : StoreTransfermPlayerIN24358
2022-07-06 14:15:16,338 - LibGlobalServe.py - INFO - Error : StoreTransfermPlayerIN24358
2022-07-06 14:15:16,346 - LibGlobalServe.py - INFO - Error : StoreTransfermPlayerOUT24358
2022-07-06 14:15:16,346 - LibGlobalServe.py - INFO - Error : StoreTransfermPlayerOUT24358
2022-07-06 14:15:16,346 - LibGlobalServe.py - INFO - Error : StoreTransfermPlayerOUT24358
2022-07-06 14:15:16,346 - LibGlobalServe.py - INFO - Error : StoreTransfermPlayerOUT24358
2022-07-06 14:15:16,346 - LibGlobalServe.py - INFO - Error : StoreTransfermPlayerOUT24358
2022-07-06 14:15:16,346 - LibGlobalServe.py - INFO - Error : StoreTransfermPlayerOUT24358
2022-07-06 14:15:16,346 - LibGlobalServe.py - INFO - Error : StoreTransfermPlayerOUT24358
2022-07-06 14:15:16,346 - LibGlobalServe.py - INFO - Error : StoreTransfermPlayerOUT24358
2022-07-06 14:15:16,346 - LibGlobalServe.py - INFO - Error : StoreTransfermPlayerOUT24358
2022-07-06 14:15:16,346 - LibGlobalServe.py - INFO - Error : StoreTransfermPlayerOUT24358
2022-07-06 14:15:16,346 - LibGlobalServe.py - INFO - Error : StoreTransfermPlayerOUT24358
2022-07-06 14:15:16,346 - LibGlobalServe.py - INFO - Error : StoreTransfermPlayerOUT24358
2022-07-06 14:15:16,346 - LibGlobalServe.py - INFO - Error : StoreTransfermPlayerOUT24358
2022-07-06 14:15:16,346 - LibGlobalServe.py - INFO - Error : StoreTransfermPlayerOUT24358
2022-07-06 14:15:16,346 - LibGlobalServe.py - INFO - Error : StoreTransfermPlayerOUT24358
2022-07-06 14:15:16,346 - LibGlobalServe.py - INFO - Error : StoreTransfermPlayerOUT24358
2022-07-06 14:15:16,346 - LibGlobalServe.py - INFO - Error : StoreTransfermPlayerOUT24358
2022-07-06 14:15:16,346 - LibGlobalServe.py - INFO - Error : StoreTransfermPlayerOUT24358
2022-07-06 14:15:16,346 - LibGlobalServe.py - INFO - Error : StoreTransfermPlayerOUT24358
2022-07-06 14:15:16,346 - LibGlobalServe.py - INFO - Error : StoreTransfermPlayerOUT24358
2022-07-06 14:15:16,346 - LibGlobalServe.py - INFO - Error : StoreTransfermPlayerOUT24358
2022-07-06 14:15:16,346 - LibGlobalServe.py - INFO - Error : StoreTransfermPlayerOUT24358
2022-07-06 14:15:16,346 - LibGlobalServe.py - INFO - Error : StoreTransfermPlayerOUT24358
2022-07-06 14:15:16,346 - LibGlobalServe.py - INFO - Error : StoreTransfermPlayerOUT24358
2022-07-06 14:15:16,346 - LibGlobalServe.py - INFO - Error : StoreTransfermPlayerOUT24358
2022-07-06 14:15:16,346 - LibGlobalServe.py - INFO - Error : StoreTransfermPlayerOUT24358
2022-07-06 14:15:16,346 - LibGlobalServe.py - INFO - Error : StoreTransfermPlayerOUT24358
2022-07-06 14:15:16,346 - LibGlobalServe.py - INFO - Error : StoreTransfermPlayerOUT24358
2022-07-06 14:15:16,346 - LibGlobalServe.py - INFO - Error : StoreTransfermPlayerOUT24358
2022-07-06 14:15:16,346 - LibGlobalServe.py - INFO - Error : StoreTransfermPlayerOUT24358
2022-07-06 14:15:16,346 - LibGlobalServe.py - INFO - Error : StoreTransfermPlayerOUT24358
2022-07-06 14:15:16,346 - LibGlobalServe.py - INFO - Error : StoreTransfermPlayerOUT24358
2022-07-06 14:15:16,346 - LibGlobalServe.py - INFO - Error : StoreTransfermPlayerOUT24358
2022-07-06 14:15:16,346 - LibGlobalServe.py - INFO - Error : StoreTransfermPlayerOUT24358
2022-07-06 14:15:16,346 - LibGlobalServe.py - INFO - Error : StoreTransfermPlayerOUT24358
2022-07-06 14:15:16,346 - LibGlobalServe.py - INFO - Error : StoreTransfermPlayerOUT24358
2022-07-06 14:15:16,346 - LibGlobalServe.py - INFO - Error : StoreTransfermPlayerOUT24358
2022-07-06 14:15:16,346 - LibGlobalServe.py - INFO - Error : StoreTransfermPlayerOUT24358
2022-07-06 14:15:16,346 - LibGlobalServe.py - INFO - Error : StoreTransfermPlayerOUT24358
2022-07-06 14:15:16,346 - LibGlobalServe.py - INFO - Error : StoreTransfermPlayerOUT24358
